<?xml version="1.0" encoding="UTF-8"?>
<!-- Generated by org.testng.reporters.JUnitReportReporter -->
<testsuite hostname="shyamgu-w81" name="test.LoginTest" tests="1" failures="0" timestamp="19 Jan 2017 14:13:42 GMT" time="0.438" errors="0">
  <testcase name="loginTest" time="0.438" classname="test.LoginTest"/>
</testsuite> <!-- test.LoginTest -->
